INFO: [v++ 60-1306] Additional information associated with this v++ link can be found at:
	Reports: /home/YL_HUANG/3_31/for_Alveo_U55C/test_4CU_2/build_dir.hw.xilinx_u50_xdma_201920_1/reports/link
	Log files: /home/YL_HUANG/3_31/for_Alveo_U55C/test_4CU_2/build_dir.hw.xilinx_u50_xdma_201920_1/logs/link
INFO: [v++ 60-1548] Creating build summary session with primary output /home/YL_HUANG/3_31/for_Alveo_U55C/test_4CU_2/build_dir.hw.xilinx_u50_xdma_201920_1/alveo_hls4ml.xclbin.link_summary, at Sun Apr  9 02:04:57 2023
INFO: [v++ 60-1316] Initiating connection to rulecheck server, at Sun Apr  9 02:04:57 2023
INFO: [v++ 60-1315] Creating rulecheck session with output '/home/YL_HUANG/3_31/for_Alveo_U55C/test_4CU_2/build_dir.hw.xilinx_u50_xdma_201920_1/reports/link/v++_link_alveo_hls4ml_guidance.html', at Sun Apr  9 02:04:58 2023
INFO: [v++ 60-895]   Target platform: /opt/xilinx/platforms/xilinx_u50_xdma_201920_1/xilinx_u50_xdma_201920_1.xpfm
INFO: [v++ 60-1578]   This platform contains Device Support Archive '/opt/xilinx/platforms/xilinx_u50_xdma_201920_1/hw/xilinx_u50_xdma_201920_1.dsa'
INFO: [v++ 60-629] Linking for hardware target
INFO: [v++ 60-423]   Target device: xilinx_u50_xdma_201920_1
INFO: [v++ 60-1332] Run 'run_link' status: Not started
INFO: [v++ 60-1443] [02:05:03] Run run_link: Step system_link: Started
INFO: [v++ 60-1453] Command Line: system_link --xo /home/YL_HUANG/3_31/for_Alveo_U55C/test_4CU_2/_x.hw.xilinx_u50_xdma_201920_1/alveo_hls4ml.xo -keep --config /home/YL_HUANG/3_31/for_Alveo_U55C/test_4CU_2/build_dir.hw.xilinx_u50_xdma_201920_1/link/int/syslinkConfig.ini --xpfm /opt/xilinx/platforms/xilinx_u50_xdma_201920_1/xilinx_u50_xdma_201920_1.xpfm --target hw --output_dir /home/YL_HUANG/3_31/for_Alveo_U55C/test_4CU_2/build_dir.hw.xilinx_u50_xdma_201920_1/link/int --temp_dir /home/YL_HUANG/3_31/for_Alveo_U55C/test_4CU_2/build_dir.hw.xilinx_u50_xdma_201920_1/link/sys_link
INFO: [v++ 60-1454] Run Directory: /home/YL_HUANG/3_31/for_Alveo_U55C/test_4CU_2/build_dir.hw.xilinx_u50_xdma_201920_1/link/run_link
INFO: [SYSTEM_LINK 82-76] Reading emulation BD and HPFM information
INFO: [SYSTEM_LINK 60-1316] Initiating connection to rulecheck server, at Sun Apr  9 02:05:05 2023
INFO: [SYSTEM_LINK 82-70] Extracting xo v3 file /home/YL_HUANG/3_31/for_Alveo_U55C/test_4CU_2/_x.hw.xilinx_u50_xdma_201920_1/alveo_hls4ml.xo
INFO: [KernelCheck 83-118] 'alveo_hls4ml' kernel.xml and component.xml caseness discrepency is being corrected, S_AXI_CONTROL is being replaced by s_axi_control
INFO: [KernelCheck 83-118] 'in' kernel.xml and component.xml caseness discrepency is being corrected, S_AXI_CONTROL is being replaced by s_axi_control
INFO: [KernelCheck 83-118] 'out' kernel.xml and component.xml caseness discrepency is being corrected, S_AXI_CONTROL is being replaced by s_axi_control
INFO: [SYSTEM_LINK 82-53] Creating IP database /home/YL_HUANG/3_31/for_Alveo_U55C/test_4CU_2/build_dir.hw.xilinx_u50_xdma_201920_1/link/sys_link/_sysl/.cdb/xd_ip_db.xml
INFO: [SYSTEM_LINK 82-38] [02:05:06] build_xd_ip_db started: /opt/Xilinx/Vitis/2019.2/bin/build_xd_ip_db -ip_search 0  -sds-pf /home/YL_HUANG/3_31/for_Alveo_U55C/test_4CU_2/build_dir.hw.xilinx_u50_xdma_201920_1/link/sys_link/xilinx_u50_xdma_201920_1.hpfm -clkid 0 -ip /home/YL_HUANG/3_31/for_Alveo_U55C/test_4CU_2/build_dir.hw.xilinx_u50_xdma_201920_1/link/sys_link/iprepo/xilinx_com_hls_alveo_hls4ml_1_0,alveo_hls4ml -o /home/YL_HUANG/3_31/for_Alveo_U55C/test_4CU_2/build_dir.hw.xilinx_u50_xdma_201920_1/link/sys_link/_sysl/.cdb/xd_ip_db.xml
INFO: [SYSTEM_LINK 82-37] [02:05:08] build_xd_ip_db finished successfully
Time (s): cpu = 00:00:02 ; elapsed = 00:00:02 . Memory (MB): peak = 279.227 ; gain = 0.000 ; free physical = 33390 ; free virtual = 94690
INFO: [SYSTEM_LINK 82-51] Create system connectivity graph
INFO: [SYSTEM_LINK 82-102] Applying explicit connections to the system connectivity graph: /home/YL_HUANG/3_31/for_Alveo_U55C/test_4CU_2/build_dir.hw.xilinx_u50_xdma_201920_1/link/sys_link/cfgraph/cfgen_cfgraph.xml
INFO: [SYSTEM_LINK 82-38] [02:05:08] cfgen started: /opt/Xilinx/Vitis/2019.2/bin/cfgen  -nk alveo_hls4ml:4:alveo_hls4ml_1.alveo_hls4ml_2.alveo_hls4ml_3.alveo_hls4ml_4 -sp alveo_hls4ml_1.in:HBM[0:1] -sp alveo_hls4ml_1.out:HBM[2:3] -sp alveo_hls4ml_2.in:HBM[4:5] -sp alveo_hls4ml_2.out:HBM[6:7] -sp alveo_hls4ml_3.in:HBM[8:9] -sp alveo_hls4ml_3.out:HBM[10:11] -sp alveo_hls4ml_4.in:HBM[12:13] -sp alveo_hls4ml_4.out:HBM[14:15] -dmclkid 0 -r /home/YL_HUANG/3_31/for_Alveo_U55C/test_4CU_2/build_dir.hw.xilinx_u50_xdma_201920_1/link/sys_link/_sysl/.cdb/xd_ip_db.xml -o /home/YL_HUANG/3_31/for_Alveo_U55C/test_4CU_2/build_dir.hw.xilinx_u50_xdma_201920_1/link/sys_link/cfgraph/cfgen_cfgraph.xml
INFO: [CFGEN 83-0] Kernel Specs: 
INFO: [CFGEN 83-0]   kernel: alveo_hls4ml, num: 4  {alveo_hls4ml_1 alveo_hls4ml_2 alveo_hls4ml_3 alveo_hls4ml_4}
INFO: [CFGEN 83-0] Port Specs: 
INFO: [CFGEN 83-0]   kernel: alveo_hls4ml_1, k_port: in, sptag: HBM[0:1]
INFO: [CFGEN 83-0]   kernel: alveo_hls4ml_1, k_port: out, sptag: HBM[2:3]
INFO: [CFGEN 83-0]   kernel: alveo_hls4ml_2, k_port: in, sptag: HBM[4:5]
INFO: [CFGEN 83-0]   kernel: alveo_hls4ml_2, k_port: out, sptag: HBM[6:7]
INFO: [CFGEN 83-0]   kernel: alveo_hls4ml_3, k_port: in, sptag: HBM[8:9]
INFO: [CFGEN 83-0]   kernel: alveo_hls4ml_3, k_port: out, sptag: HBM[10:11]
INFO: [CFGEN 83-0]   kernel: alveo_hls4ml_4, k_port: in, sptag: HBM[12:13]
INFO: [CFGEN 83-0]   kernel: alveo_hls4ml_4, k_port: out, sptag: HBM[14:15]
INFO: [CFGEN 83-2228] Creating mapping for argument alveo_hls4ml_1.in to HBM[0:1] for directive alveo_hls4ml_1.in:HBM[0:1]
INFO: [CFGEN 83-2228] Creating mapping for argument alveo_hls4ml_1.out to HBM[2:3] for directive alveo_hls4ml_1.out:HBM[2:3]
INFO: [CFGEN 83-2228] Creating mapping for argument alveo_hls4ml_2.in to HBM[4:5] for directive alveo_hls4ml_2.in:HBM[4:5]
INFO: [CFGEN 83-2228] Creating mapping for argument alveo_hls4ml_2.out to HBM[6:7] for directive alveo_hls4ml_2.out:HBM[6:7]
INFO: [CFGEN 83-2228] Creating mapping for argument alveo_hls4ml_3.in to HBM[8:9] for directive alveo_hls4ml_3.in:HBM[8:9]
INFO: [CFGEN 83-2228] Creating mapping for argument alveo_hls4ml_3.out to HBM[10:11] for directive alveo_hls4ml_3.out:HBM[10:11]
INFO: [CFGEN 83-2228] Creating mapping for argument alveo_hls4ml_4.in to HBM[12:13] for directive alveo_hls4ml_4.in:HBM[12:13]
INFO: [CFGEN 83-2228] Creating mapping for argument alveo_hls4ml_4.out to HBM[14:15] for directive alveo_hls4ml_4.out:HBM[14:15]
INFO: [SYSTEM_LINK 82-37] [02:05:10] cfgen finished successfully
Time (s): cpu = 00:00:02 ; elapsed = 00:00:02 . Memory (MB): peak = 287.691 ; gain = 0.000 ; free physical = 33264 ; free virtual = 94564
INFO: [SYSTEM_LINK 82-52] Create top-level block diagram
INFO: [SYSTEM_LINK 82-38] [02:05:10] cf2bd started: /opt/Xilinx/Vitis/2019.2/bin/cf2bd  --linux --trace_buffer 1024 --input_file /home/YL_HUANG/3_31/for_Alveo_U55C/test_4CU_2/build_dir.hw.xilinx_u50_xdma_201920_1/link/sys_link/cfgraph/cfgen_cfgraph.xml --ip_db /home/YL_HUANG/3_31/for_Alveo_U55C/test_4CU_2/build_dir.hw.xilinx_u50_xdma_201920_1/link/sys_link/_sysl/.cdb/xd_ip_db.xml --cf_name dr --working_dir /home/YL_HUANG/3_31/for_Alveo_U55C/test_4CU_2/build_dir.hw.xilinx_u50_xdma_201920_1/link/sys_link/_sysl/.xsd --temp_dir /home/YL_HUANG/3_31/for_Alveo_U55C/test_4CU_2/build_dir.hw.xilinx_u50_xdma_201920_1/link/sys_link --output_dir /home/YL_HUANG/3_31/for_Alveo_U55C/test_4CU_2/build_dir.hw.xilinx_u50_xdma_201920_1/link/int --target_bd pfm_dynamic.bd
INFO: [CF2BD 82-31] Launching cf2xd: cf2xd -linux -trace-buffer 1024 -i /home/YL_HUANG/3_31/for_Alveo_U55C/test_4CU_2/build_dir.hw.xilinx_u50_xdma_201920_1/link/sys_link/cfgraph/cfgen_cfgraph.xml -r /home/YL_HUANG/3_31/for_Alveo_U55C/test_4CU_2/build_dir.hw.xilinx_u50_xdma_201920_1/link/sys_link/_sysl/.cdb/xd_ip_db.xml -o dr.xml
INFO: [CF2BD 82-28] cf2xd finished successfully
INFO: [CF2BD 82-31] Launching cf_xsd: cf_xsd -disable-address-gen -bd pfm_dynamic.bd -dn dr -dp /home/YL_HUANG/3_31/for_Alveo_U55C/test_4CU_2/build_dir.hw.xilinx_u50_xdma_201920_1/link/sys_link/_sysl/.xsd
INFO: [CF2BD 82-28] cf_xsd finished successfully
INFO: [SYSTEM_LINK 82-37] [02:05:12] cf2bd finished successfully
Time (s): cpu = 00:00:02 ; elapsed = 00:00:02 . Memory (MB): peak = 287.691 ; gain = 0.000 ; free physical = 33258 ; free virtual = 94563
INFO: [v++ 60-1441] [02:05:12] Run run_link: Step system_link: Completed
Time (s): cpu = 00:00:08 ; elapsed = 00:00:09 . Memory (MB): peak = 687.352 ; gain = 0.000 ; free physical = 33276 ; free virtual = 94581
INFO: [v++ 60-1443] [02:05:12] Run run_link: Step cf2sw: Started
INFO: [v++ 60-1453] Command Line: cf2sw -sdsl /home/YL_HUANG/3_31/for_Alveo_U55C/test_4CU_2/build_dir.hw.xilinx_u50_xdma_201920_1/link/int/sdsl.dat -rtd /home/YL_HUANG/3_31/for_Alveo_U55C/test_4CU_2/build_dir.hw.xilinx_u50_xdma_201920_1/link/int/cf2sw.rtd -xclbin /home/YL_HUANG/3_31/for_Alveo_U55C/test_4CU_2/build_dir.hw.xilinx_u50_xdma_201920_1/link/int/xclbin_orig.xml -o /home/YL_HUANG/3_31/for_Alveo_U55C/test_4CU_2/build_dir.hw.xilinx_u50_xdma_201920_1/link/int/xclbin_orig.1.xml
INFO: [v++ 60-1454] Run Directory: /home/YL_HUANG/3_31/for_Alveo_U55C/test_4CU_2/build_dir.hw.xilinx_u50_xdma_201920_1/link/run_link
INFO: [v++ 60-1441] [02:05:14] Run run_link: Step cf2sw: Completed
Time (s): cpu = 00:00:01 ; elapsed = 00:00:02 . Memory (MB): peak = 687.352 ; gain = 0.000 ; free physical = 33278 ; free virtual = 94583
INFO: [v++ 60-1443] [02:05:14] Run run_link: Step rtd2_system_diagram: Started
INFO: [v++ 60-1453] Command Line: rtd2SystemDiagram --rtdJsonFileName /home/YL_HUANG/3_31/for_Alveo_U55C/test_4CU_2/build_dir.hw.xilinx_u50_xdma_201920_1/link/int/cf2sw.rtd --diagramJsonFileName /home/YL_HUANG/3_31/for_Alveo_U55C/test_4CU_2/build_dir.hw.xilinx_u50_xdma_201920_1/link/int/systemDiagramModel.json --platformFilePath /opt/xilinx/platforms/xilinx_u50_xdma_201920_1/xilinx_u50_xdma_201920_1.xpfm --generatedByName v++ --generatedByVersion 2019.2 --generatedByChangeList 2708876 --generatedByTimeStamp Wed Nov  6 21:39:14 MST 2019 --generatedByOptions /opt/Xilinx/Vitis/2019.2/bin/unwrapped/lnx64.o/v++ -t hw --platform xilinx_u50_xdma_201920_1 --save-temps --temp_dir ./build_dir.hw.xilinx_u50_xdma_201920_1 -l -obuild_dir.hw.xilinx_u50_xdma_201920_1/alveo_hls4ml.xclbin _x.hw.xilinx_u50_xdma_201920_1/alveo_hls4ml.xo --config config.ini --kernel_frequency 250  --generatedByXclbinName alveo_hls4ml --kernelInfoDataFileName /home/YL_HUANG/3_31/for_Alveo_U55C/test_4CU_2/build_dir.hw.xilinx_u50_xdma_201920_1/link/int/kernel_info.dat
INFO: [v++ 60-1454] Run Directory: /home/YL_HUANG/3_31/for_Alveo_U55C/test_4CU_2/build_dir.hw.xilinx_u50_xdma_201920_1/link/run_link
INFO: [v++ 60-839] Read in kernel information from file '/home/YL_HUANG/3_31/for_Alveo_U55C/test_4CU_2/build_dir.hw.xilinx_u50_xdma_201920_1/link/int/kernel_info.dat'.
WARNING: [v++ 82-157] Unable to populate kernel available resources BRAM entry.
WARNING: [v++ 82-158] Unable to populate kernel available resources DSP entry.
INFO: [v++ 60-1441] [02:05:16] Run run_link: Step rtd2_system_diagram: Completed
Time (s): cpu = 00:00:01 ; elapsed = 00:00:02 . Memory (MB): peak = 687.352 ; gain = 0.000 ; free physical = 33276 ; free virtual = 94584
INFO: [v++ 60-1443] [02:05:16] Run run_link: Step vpl: Started
INFO: [v++ 60-1453] Command Line: vpl -t hw -f xilinx_u50_xdma_201920_1 --kernel_frequency 250 -s --output_dir /home/YL_HUANG/3_31/for_Alveo_U55C/test_4CU_2/build_dir.hw.xilinx_u50_xdma_201920_1/link/int --log_dir /home/YL_HUANG/3_31/for_Alveo_U55C/test_4CU_2/build_dir.hw.xilinx_u50_xdma_201920_1/logs/link --report_dir /home/YL_HUANG/3_31/for_Alveo_U55C/test_4CU_2/build_dir.hw.xilinx_u50_xdma_201920_1/reports/link --config /home/YL_HUANG/3_31/for_Alveo_U55C/test_4CU_2/build_dir.hw.xilinx_u50_xdma_201920_1/link/int/vplConfig.ini -k /home/YL_HUANG/3_31/for_Alveo_U55C/test_4CU_2/build_dir.hw.xilinx_u50_xdma_201920_1/link/int/kernel_info.dat --webtalk_flag Vitis --temp_dir /home/YL_HUANG/3_31/for_Alveo_U55C/test_4CU_2/build_dir.hw.xilinx_u50_xdma_201920_1/link --no-info --tlog_dir /home/YL_HUANG/3_31/for_Alveo_U55C/test_4CU_2/build_dir.hw.xilinx_u50_xdma_201920_1/.tlog/v++_link_alveo_hls4ml --iprepo /home/YL_HUANG/3_31/for_Alveo_U55C/test_4CU_2/build_dir.hw.xilinx_u50_xdma_201920_1/link/int/xo/ip_repo/xilinx_com_hls_alveo_hls4ml_1_0 --messageDb /home/YL_HUANG/3_31/for_Alveo_U55C/test_4CU_2/build_dir.hw.xilinx_u50_xdma_201920_1/link/run_link/vpl.pb /home/YL_HUANG/3_31/for_Alveo_U55C/test_4CU_2/build_dir.hw.xilinx_u50_xdma_201920_1/link/int/dr.bd.tcl
INFO: [v++ 60-1454] Run Directory: /home/YL_HUANG/3_31/for_Alveo_U55C/test_4CU_2/build_dir.hw.xilinx_u50_xdma_201920_1/link/run_link

****** vpl v2019.2 (64-bit)
  **** SW Build 2708876 on Wed Nov  6 21:39:14 MST 2019
    ** Copyright 1986-2019 Xilinx, Inc. All Rights Reserved.

INFO: [VPL 60-839] Read in kernel information from file '/home/YL_HUANG/3_31/for_Alveo_U55C/test_4CU_2/build_dir.hw.xilinx_u50_xdma_201920_1/link/int/kernel_info.dat'.
INFO: [VPL 60-423]   Target device: xilinx_u50_xdma_201920_1
INFO: [VPL 60-1032] Extracting hardware platform to /home/YL_HUANG/3_31/for_Alveo_U55C/test_4CU_2/build_dir.hw.xilinx_u50_xdma_201920_1/link/vivado/vpl/.local/hw_platform
[02:05:36] Run vpl: Step create_project: Started
Creating Vivado project.
[02:05:39] Run vpl: Step create_project: Completed
[02:05:39] Run vpl: Step create_bd: Started
[02:06:55] Run vpl: Step create_bd: RUNNING...
[02:06:58] Run vpl: Step create_bd: Completed
[02:06:58] Run vpl: Step update_bd: Started
[02:07:00] Run vpl: Step update_bd: Completed
[02:07:00] Run vpl: Step generate_target: Started
[02:08:16] Run vpl: Step generate_target: RUNNING...
[02:08:24] Run vpl: Step generate_target: Completed
[02:08:24] Run vpl: Step config_hw_runs: Started
[02:08:42] Run vpl: Step config_hw_runs: Completed
[02:08:42] Run vpl: Step synth: Started
[02:09:42] Block-level synthesis in progress, 0 of 85 jobs complete, 8 jobs running.
[02:10:14] Block-level synthesis in progress, 0 of 85 jobs complete, 8 jobs running.
[02:10:44] Block-level synthesis in progress, 0 of 85 jobs complete, 8 jobs running.
[02:11:14] Block-level synthesis in progress, 0 of 85 jobs complete, 8 jobs running.
[02:11:45] Block-level synthesis in progress, 0 of 85 jobs complete, 8 jobs running.
[02:12:15] Block-level synthesis in progress, 0 of 85 jobs complete, 8 jobs running.
[02:12:46] Block-level synthesis in progress, 7 of 85 jobs complete, 1 job running.
[02:13:16] Block-level synthesis in progress, 7 of 85 jobs complete, 8 jobs running.
[02:13:47] Block-level synthesis in progress, 8 of 85 jobs complete, 7 jobs running.
[02:14:18] Block-level synthesis in progress, 8 of 85 jobs complete, 8 jobs running.
[02:14:48] Block-level synthesis in progress, 8 of 85 jobs complete, 8 jobs running.
[02:15:19] Block-level synthesis in progress, 8 of 85 jobs complete, 8 jobs running.
[02:15:49] Block-level synthesis in progress, 8 of 85 jobs complete, 8 jobs running.
[02:16:20] Block-level synthesis in progress, 8 of 85 jobs complete, 8 jobs running.
[02:16:50] Block-level synthesis in progress, 8 of 85 jobs complete, 8 jobs running.
[02:17:21] Block-level synthesis in progress, 15 of 85 jobs complete, 1 job running.
[02:17:52] Block-level synthesis in progress, 16 of 85 jobs complete, 7 jobs running.
[02:18:22] Block-level synthesis in progress, 17 of 85 jobs complete, 7 jobs running.
[02:18:53] Block-level synthesis in progress, 17 of 85 jobs complete, 8 jobs running.
[02:19:24] Block-level synthesis in progress, 17 of 85 jobs complete, 8 jobs running.
[02:19:54] Block-level synthesis in progress, 17 of 85 jobs complete, 8 jobs running.
[02:20:25] Block-level synthesis in progress, 17 of 85 jobs complete, 8 jobs running.
[02:20:56] Block-level synthesis in progress, 17 of 85 jobs complete, 8 jobs running.
[02:21:26] Block-level synthesis in progress, 19 of 85 jobs complete, 6 jobs running.
[02:21:57] Block-level synthesis in progress, 21 of 85 jobs complete, 5 jobs running.
[02:22:28] Block-level synthesis in progress, 24 of 85 jobs complete, 4 jobs running.
[02:22:58] Block-level synthesis in progress, 30 of 85 jobs complete, 2 jobs running.
[02:23:29] Block-level synthesis in progress, 37 of 85 jobs complete, 1 job running.
[02:24:00] Block-level synthesis in progress, 39 of 85 jobs complete, 5 jobs running.
[02:24:31] Block-level synthesis in progress, 41 of 85 jobs complete, 6 jobs running.
[02:25:02] Block-level synthesis in progress, 42 of 85 jobs complete, 7 jobs running.
[02:25:32] Block-level synthesis in progress, 42 of 85 jobs complete, 8 jobs running.
[02:26:03] Block-level synthesis in progress, 42 of 85 jobs complete, 8 jobs running.
[02:26:34] Block-level synthesis in progress, 42 of 85 jobs complete, 8 jobs running.
[02:27:05] Block-level synthesis in progress, 42 of 85 jobs complete, 8 jobs running.
[02:27:37] Block-level synthesis in progress, 42 of 85 jobs complete, 8 jobs running.
[02:28:08] Block-level synthesis in progress, 42 of 85 jobs complete, 8 jobs running.
[02:28:39] Block-level synthesis in progress, 43 of 85 jobs complete, 7 jobs running.
[02:29:10] Block-level synthesis in progress, 45 of 85 jobs complete, 6 jobs running.
[02:29:41] Block-level synthesis in progress, 48 of 85 jobs complete, 5 jobs running.
[02:30:12] Block-level synthesis in progress, 50 of 85 jobs complete, 6 jobs running.
[02:30:43] Block-level synthesis in progress, 50 of 85 jobs complete, 8 jobs running.
[02:31:14] Block-level synthesis in progress, 50 of 85 jobs complete, 8 jobs running.
[02:31:45] Block-level synthesis in progress, 50 of 85 jobs complete, 8 jobs running.
[02:32:16] Block-level synthesis in progress, 50 of 85 jobs complete, 8 jobs running.
[02:32:48] Block-level synthesis in progress, 51 of 85 jobs complete, 7 jobs running.
[02:33:19] Block-level synthesis in progress, 51 of 85 jobs complete, 7 jobs running.
[02:33:50] Block-level synthesis in progress, 53 of 85 jobs complete, 6 jobs running.
[02:34:22] Block-level synthesis in progress, 57 of 85 jobs complete, 3 jobs running.
[02:34:53] Block-level synthesis in progress, 61 of 85 jobs complete, 4 jobs running.
[02:35:24] Block-level synthesis in progress, 62 of 85 jobs complete, 7 jobs running.
[02:35:56] Block-level synthesis in progress, 62 of 85 jobs complete, 8 jobs running.
[02:36:27] Block-level synthesis in progress, 62 of 85 jobs complete, 8 jobs running.
[02:36:58] Block-level synthesis in progress, 62 of 85 jobs complete, 8 jobs running.
[02:37:30] Block-level synthesis in progress, 63 of 85 jobs complete, 7 jobs running.
[02:38:01] Block-level synthesis in progress, 63 of 85 jobs complete, 8 jobs running.
[02:38:32] Block-level synthesis in progress, 63 of 85 jobs complete, 8 jobs running.
[02:39:04] Block-level synthesis in progress, 66 of 85 jobs complete, 5 jobs running.
[02:39:35] Block-level synthesis in progress, 68 of 85 jobs complete, 5 jobs running.
[02:40:06] Block-level synthesis in progress, 70 of 85 jobs complete, 6 jobs running.
[02:40:38] Block-level synthesis in progress, 73 of 85 jobs complete, 5 jobs running.
[02:41:09] Block-level synthesis in progress, 74 of 85 jobs complete, 5 jobs running.
[02:41:40] Block-level synthesis in progress, 74 of 85 jobs complete, 5 jobs running.
[02:42:11] Block-level synthesis in progress, 75 of 85 jobs complete, 4 jobs running.
[02:42:42] Block-level synthesis in progress, 75 of 85 jobs complete, 4 jobs running.
[02:43:14] Block-level synthesis in progress, 75 of 85 jobs complete, 4 jobs running.
[02:43:45] Block-level synthesis in progress, 76 of 85 jobs complete, 3 jobs running.
[02:44:16] Block-level synthesis in progress, 78 of 85 jobs complete, 1 job running.
[02:44:47] Block-level synthesis in progress, 81 of 85 jobs complete, 1 job running.
[02:45:18] Block-level synthesis in progress, 81 of 85 jobs complete, 1 job running.
[02:45:49] Block-level synthesis in progress, 81 of 85 jobs complete, 1 job running.
[02:46:20] Block-level synthesis in progress, 81 of 85 jobs complete, 1 job running.
[02:46:51] Block-level synthesis in progress, 81 of 85 jobs complete, 1 job running.
[02:47:22] Block-level synthesis in progress, 81 of 85 jobs complete, 1 job running.
[02:47:53] Block-level synthesis in progress, 81 of 85 jobs complete, 1 job running.
[02:48:24] Block-level synthesis in progress, 81 of 85 jobs complete, 1 job running.
[02:48:55] Block-level synthesis in progress, 81 of 85 jobs complete, 1 job running.
[02:49:25] Block-level synthesis in progress, 85 of 85 jobs complete, 0 jobs running.
[02:49:56] Top-level synthesis in progress.
[02:50:27] Top-level synthesis in progress.
[02:50:58] Top-level synthesis in progress.
[02:51:29] Top-level synthesis in progress.
[02:52:00] Top-level synthesis in progress.
[02:52:31] Top-level synthesis in progress.
[02:53:01] Top-level synthesis in progress.
[02:53:32] Top-level synthesis in progress.
[02:54:03] Top-level synthesis in progress.
[02:54:34] Top-level synthesis in progress.
[02:55:05] Top-level synthesis in progress.
[02:55:36] Top-level synthesis in progress.
[02:56:06] Top-level synthesis in progress.
[02:56:37] Top-level synthesis in progress.
[02:57:08] Top-level synthesis in progress.
[02:57:39] Top-level synthesis in progress.
[02:58:10] Top-level synthesis in progress.
[02:58:41] Top-level synthesis in progress.
[02:59:11] Top-level synthesis in progress.
[02:59:42] Top-level synthesis in progress.
[03:00:13] Top-level synthesis in progress.
[03:00:44] Top-level synthesis in progress.
[03:01:15] Top-level synthesis in progress.
[03:01:41] Run vpl: Step synth: Completed
[03:01:41] Run vpl: Step impl: Started
[03:16:04] Finished 2nd of 6 tasks (FPGA linking synthesized kernels to platform). Elapsed time: 01h 10m 47s 

[03:16:04] Starting logic optimization..
[03:16:35] Phase 1 Generate And Synthesize Debug Cores
[03:20:11] Phase 2 Retarget
[03:20:42] Phase 3 Constant propagation
[03:20:42] Phase 4 Sweep
[03:22:14] Phase 5 BUFG optimization
[03:22:45] Phase 6 Shift Register Optimization
[03:23:16] Phase 7 Post Processing Netlist
[03:24:18] Finished 3rd of 6 tasks (FPGA logic optimization). Elapsed time: 00h 08m 13s 

[03:24:18] Starting logic placement..
[03:25:19] Phase 1 Placer Initialization
[03:25:19] Phase 1.1 Placer Initialization Netlist Sorting
[03:26:51] Phase 1.2 IO Placement/ Clock Placement/ Build Placer Device
[03:28:55] Phase 1.3 Build Placer Netlist Model
[03:32:31] Phase 1.4 Constrain Clocks/Macros
[03:32:31] Phase 2 Global Placement
[03:32:31] Phase 2.1 Floorplanning
[03:36:08] Phase 2.2 Global Placement Core
[03:42:20] Phase 2.2.1 Physical Synthesis In Placer
[03:46:59] Phase 3 Detail Placement
[03:46:59] Phase 3.1 Commit Multi Column Macros
[03:46:59] Phase 3.2 Commit Most Macros & LUTRAMs
[03:47:30] Phase 3.3 Area Swap Optimization
[03:48:01] Phase 3.4 Pipeline Register Optimization
[03:48:01] Phase 3.5 IO Cut Optimizer
[03:48:01] Phase 3.6 Fast Optimization
[03:49:34] Phase 3.7 Small Shape DP
[03:49:34] Phase 3.7.1 Small Shape Clustering
[03:49:34] Phase 3.7.2 Flow Legalize Slice Clusters
[03:49:34] Phase 3.7.3 Slice Area Swap
[03:50:36] Phase 3.7.4 Commit Slice Clusters
[03:50:36] Phase 3.8 Place Remaining
[03:51:07] Phase 3.9 Re-assign LUT pins
[03:51:07] Phase 3.10 Pipeline Register Optimization
[03:51:07] Phase 3.11 Fast Optimization
[03:53:11] Phase 4 Post Placement Optimization and Clean-Up
[03:53:11] Phase 4.1 Post Commit Optimization
[03:55:16] Phase 4.1.1 Post Placement Optimization
[03:55:16] Phase 4.1.1.1 BUFG Insertion
[03:56:49] Phase 4.1.1.2 BUFG Replication
[03:58:23] Phase 4.1.1.3 Replication
[03:59:25] Phase 4.2 Post Placement Cleanup
[04:00:58] Phase 4.3 Placer Reporting
[04:00:58] Phase 4.4 Final Placement Cleanup
[04:08:44] Finished 4th of 6 tasks (FPGA logic placement). Elapsed time: 00h 44m 25s 

[04:08:44] Starting logic routing..
[04:09:14] Phase 1 Build RT Design
[04:12:20] Phase 2 Router Initialization
[04:12:20] Phase 2.1 Fix Topology Constraints
[04:12:20] Phase 2.2 Pre Route Cleanup
[04:12:51] Phase 2.3 Global Clock Net Routing
[04:13:22] Phase 2.4 Update Timing
[04:17:00] Phase 2.5 Update Timing for Bus Skew
[04:17:00] Phase 2.5.1 Update Timing
[04:18:32] Phase 3 Initial Routing
[04:18:32] Phase 3.1 Global Routing
[04:20:38] Phase 4 Rip-up And Reroute
[04:20:38] Phase 4.1 Global Iteration 0
[04:33:33] Phase 4.2 Global Iteration 1
[04:35:06] Phase 4.3 Global Iteration 2
[04:39:45] Phase 5 Delay and Skew Optimization
[04:39:45] Phase 5.1 Delay CleanUp
[04:39:45] Phase 5.1.1 Update Timing
[04:41:18] Phase 5.2 Clock Skew Optimization
[04:41:18] Phase 6 Post Hold Fix
[04:41:18] Phase 6.1 Hold Fix Iter
[04:41:49] Phase 6.1.1 Update Timing
[04:42:51] Phase 7 Leaf Clock Prog Delay Opt
[04:44:25] Phase 8 Route finalize
[04:44:25] Phase 9 Verifying routed nets
[04:44:56] Phase 10 Depositing Routes
[04:45:26] Phase 11 Post Router Timing
[04:45:26] Finished 5th of 6 tasks (FPGA routing). Elapsed time: 00h 36m 42s 

[04:45:26] Starting bitstream generation..
[04:58:53] Creating bitmap...
[05:06:40] Writing bitstream ./pfm_top_i_L1_L1_URP_my_rm_partial.bit...
[05:06:40] Finished 6th of 6 tasks (FPGA bitstream generation). Elapsed time: 00h 21m 13s 
[05:07:14] Run vpl: Step impl: Completed
[05:07:15] Run vpl: FINISHED. Run Status: impl Complete!
INFO: [v++ 60-1441] [05:07:16] Run run_link: Step vpl: Completed
Time (s): cpu = 02:05:42 ; elapsed = 03:02:00 . Memory (MB): peak = 687.352 ; gain = 0.000 ; free physical = 21082 ; free virtual = 77200
INFO: [v++ 60-1443] [05:07:16] Run run_link: Step rtdgen: Started
INFO: [v++ 60-1453] Command Line: rtdgen
INFO: [v++ 60-1454] Run Directory: /home/YL_HUANG/3_31/for_Alveo_U55C/test_4CU_2/build_dir.hw.xilinx_u50_xdma_201920_1/link/run_link
INFO: [v++ 60-991] clock name 'clkwiz_kernel2_clk_out1' (clock ID '1') is being mapped to clock name 'KERNEL_CLK' in the xclbin
INFO: [v++ 60-991] clock name 'clkwiz_kernel_clk_out1' (clock ID '0') is being mapped to clock name 'DATA_CLK' in the xclbin
INFO: [v++ 60-1230] The compiler selected the following frequencies for the runtime controllable kernel clock(s) and scalable system clock(s): Kernel (KERNEL) clock: clkwiz_kernel2_clk_out1 = 500, Kernel (DATA) clock: clkwiz_kernel_clk_out1 = 250
INFO: [v++ 60-1453] Command Line: cf2sw -a /home/YL_HUANG/3_31/for_Alveo_U55C/test_4CU_2/build_dir.hw.xilinx_u50_xdma_201920_1/link/int/address_map.xml -sdsl /home/YL_HUANG/3_31/for_Alveo_U55C/test_4CU_2/build_dir.hw.xilinx_u50_xdma_201920_1/link/int/sdsl.dat -xclbin /home/YL_HUANG/3_31/for_Alveo_U55C/test_4CU_2/build_dir.hw.xilinx_u50_xdma_201920_1/link/int/xclbin_orig.xml -rtd /home/YL_HUANG/3_31/for_Alveo_U55C/test_4CU_2/build_dir.hw.xilinx_u50_xdma_201920_1/link/int/alveo_hls4ml.rtd -o /home/YL_HUANG/3_31/for_Alveo_U55C/test_4CU_2/build_dir.hw.xilinx_u50_xdma_201920_1/link/int/alveo_hls4ml.xml
INFO: [v++ 60-1618] Launching 
INFO: [v++ 60-1441] [05:07:19] Run run_link: Step rtdgen: Completed
Time (s): cpu = 00:00:03 ; elapsed = 00:00:03 . Memory (MB): peak = 687.352 ; gain = 0.000 ; free physical = 21076 ; free virtual = 77194
INFO: [v++ 60-1443] [05:07:19] Run run_link: Step xclbinutil: Started
INFO: [v++ 60-1453] Command Line: xclbinutil --add-section BITSTREAM:RAW:/home/YL_HUANG/3_31/for_Alveo_U55C/test_4CU_2/build_dir.hw.xilinx_u50_xdma_201920_1/link/int/partial.bit --force --key-value SYS:mode:hw_pr --add-section :JSON:/home/YL_HUANG/3_31/for_Alveo_U55C/test_4CU_2/build_dir.hw.xilinx_u50_xdma_201920_1/link/int/alveo_hls4ml.rtd --append-section :JSON:/home/YL_HUANG/3_31/for_Alveo_U55C/test_4CU_2/build_dir.hw.xilinx_u50_xdma_201920_1/link/int/appendSection.rtd --add-section CLOCK_FREQ_TOPOLOGY:JSON:/home/YL_HUANG/3_31/for_Alveo_U55C/test_4CU_2/build_dir.hw.xilinx_u50_xdma_201920_1/link/int/alveo_hls4ml_xml.rtd --add-section BUILD_METADATA:JSON:/home/YL_HUANG/3_31/for_Alveo_U55C/test_4CU_2/build_dir.hw.xilinx_u50_xdma_201920_1/link/int/alveo_hls4ml_build.rtd --add-section EMBEDDED_METADATA:RAW:/home/YL_HUANG/3_31/for_Alveo_U55C/test_4CU_2/build_dir.hw.xilinx_u50_xdma_201920_1/link/int/alveo_hls4ml.xml --add-section SYSTEM_METADATA:RAW:/home/YL_HUANG/3_31/for_Alveo_U55C/test_4CU_2/build_dir.hw.xilinx_u50_xdma_201920_1/link/int/systemDiagramModelSlrBaseAddress.json --output /home/YL_HUANG/3_31/for_Alveo_U55C/test_4CU_2/build_dir.hw.xilinx_u50_xdma_201920_1/link/int/alveo_hls4ml.xclbin
INFO: [v++ 60-1454] Run Directory: /home/YL_HUANG/3_31/for_Alveo_U55C/test_4CU_2/build_dir.hw.xilinx_u50_xdma_201920_1/link/run_link
XRT Build Version: 2.3.1301
       Build Date: 2019-10-25 03:04:42
          Hash ID: 192e706aea53163a04c574f9b3fe9ed76b6ca471
Creating a default 'in-memory' xclbin image.

Section: 'BITSTREAM'(0) was successfully added.
Size   : 49142662 bytes
Format : RAW
File   : '/home/YL_HUANG/3_31/for_Alveo_U55C/test_4CU_2/build_dir.hw.xilinx_u50_xdma_201920_1/link/int/partial.bit'

Section: 'MEM_TOPOLOGY'(6) was successfully added.
Format : JSON
File   : 'mem_topology'

Section: 'IP_LAYOUT'(8) was successfully added.
Format : JSON
File   : 'ip_layout'

Section: 'CONNECTIVITY'(7) was successfully added.
Format : JSON
File   : 'connectivity'

Section: 'CLOCK_FREQ_TOPOLOGY'(11) was successfully added.
Size   : 274 bytes
Format : JSON
File   : '/home/YL_HUANG/3_31/for_Alveo_U55C/test_4CU_2/build_dir.hw.xilinx_u50_xdma_201920_1/link/int/alveo_hls4ml_xml.rtd'

Section: 'BUILD_METADATA'(14) was successfully added.
Size   : 2862 bytes
Format : JSON
File   : '/home/YL_HUANG/3_31/for_Alveo_U55C/test_4CU_2/build_dir.hw.xilinx_u50_xdma_201920_1/link/int/alveo_hls4ml_build.rtd'

Section: 'EMBEDDED_METADATA'(2) was successfully added.
Size   : 358502 bytes
Format : RAW
File   : '/home/YL_HUANG/3_31/for_Alveo_U55C/test_4CU_2/build_dir.hw.xilinx_u50_xdma_201920_1/link/int/alveo_hls4ml.xml'

Section: 'SYSTEM_METADATA'(22) was successfully added.
Size   : 16009 bytes
Format : RAW
File   : '/home/YL_HUANG/3_31/for_Alveo_U55C/test_4CU_2/build_dir.hw.xilinx_u50_xdma_201920_1/link/int/systemDiagramModelSlrBaseAddress.json'

Section: 'IP_LAYOUT'(8) was successfully appended to.
Format : JSON
File   : 'ip_layout'
Successfully wrote (49539261 bytes) to the output file: /home/YL_HUANG/3_31/for_Alveo_U55C/test_4CU_2/build_dir.hw.xilinx_u50_xdma_201920_1/link/int/alveo_hls4ml.xclbin
Leaving xclbinutil.
INFO: [v++ 60-1441] [05:07:19] Run run_link: Step xclbinutil: Completed
Time (s): cpu = 00:00:00 ; elapsed = 00:00:00.06 . Memory (MB): peak = 687.352 ; gain = 0.000 ; free physical = 21029 ; free virtual = 77195
INFO: [v++ 60-1443] [05:07:19] Run run_link: Step xclbinutilinfo: Started
INFO: [v++ 60-1453] Command Line: xclbinutil --quiet --info /home/YL_HUANG/3_31/for_Alveo_U55C/test_4CU_2/build_dir.hw.xilinx_u50_xdma_201920_1/link/int/alveo_hls4ml.xclbin.info --input /home/YL_HUANG/3_31/for_Alveo_U55C/test_4CU_2/build_dir.hw.xilinx_u50_xdma_201920_1/link/int/alveo_hls4ml.xclbin
INFO: [v++ 60-1454] Run Directory: /home/YL_HUANG/3_31/for_Alveo_U55C/test_4CU_2/build_dir.hw.xilinx_u50_xdma_201920_1/link/run_link
INFO: [v++ 60-1441] [05:07:19] Run run_link: Step xclbinutilinfo: Completed
Time (s): cpu = 00:00:00.35 ; elapsed = 00:00:00.39 . Memory (MB): peak = 687.352 ; gain = 0.000 ; free physical = 21028 ; free virtual = 77194
INFO: [v++ 60-244] Generating system estimate report...
INFO: [v++ 60-1092] Generated system estimate report: /home/YL_HUANG/3_31/for_Alveo_U55C/test_4CU_2/build_dir.hw.xilinx_u50_xdma_201920_1/reports/link/system_estimate_alveo_hls4ml.xtxt
INFO: [v++ 60-586] Created /home/YL_HUANG/3_31/for_Alveo_U55C/test_4CU_2/build_dir.hw.xilinx_u50_xdma_201920_1/alveo_hls4ml.ltx
INFO: [v++ 60-586] Created build_dir.hw.xilinx_u50_xdma_201920_1/alveo_hls4ml.xclbin
INFO: [v++ 60-1307] Run completed. Additional information can be found in:
	Guidance: /home/YL_HUANG/3_31/for_Alveo_U55C/test_4CU_2/build_dir.hw.xilinx_u50_xdma_201920_1/reports/link/v++_link_alveo_hls4ml_guidance.html
	Timing Report: /home/YL_HUANG/3_31/for_Alveo_U55C/test_4CU_2/build_dir.hw.xilinx_u50_xdma_201920_1/reports/link/imp/xilinx_u50_xdma_201920_1_bb_locked_timing_summary_routed.rpt
	Utilizations Report: /home/YL_HUANG/3_31/for_Alveo_U55C/test_4CU_2/build_dir.hw.xilinx_u50_xdma_201920_1/reports/link/imp/kernel_util_routed.rpt
	Vivado Log: /home/YL_HUANG/3_31/for_Alveo_U55C/test_4CU_2/build_dir.hw.xilinx_u50_xdma_201920_1/logs/link/vivado.log
	Steps Log File: /home/YL_HUANG/3_31/for_Alveo_U55C/test_4CU_2/build_dir.hw.xilinx_u50_xdma_201920_1/logs/link/link.steps.log

INFO: [v++ 60-791] Total elapsed time: 3h 2m 23s
